<?xml version="1.0" encoding="UTF-8"?>
<!-- Generated by org.testng.reporters.JUnitReportReporter -->
<testsuite hostname="DESKTOP-MCNBSPV" failures="0" tests="1" name="test_scription.kia_Test" time="43.418" errors="0" timestamp="2022-12-12T17:35:22 IST" skipped="0">
  <testcase classname="test_scription.kia_Test" name="Browsersetup" time="43.418"/>
  <system-out/>
</testsuite> <!-- test_scription.kia_Test -->
