<?xml version="1.0" encoding="UTF-8"?>
<!-- Generated by org.testng.reporters.JUnitReportReporter -->
<testsuite hostname="DESKTOP-MCNBSPV" failures="0" tests="2" name="TestCases.Testng_Register" time="5.514" errors="0" timestamp="2022-11-16T17:20:18 IST" skipped="0">
  <testcase classname="TestCases.Testng_Register" name="Register" time="2.309"/>
  <system-out/>
  <testcase classname="TestCases.Testng_Register" name="Register" time="3.205"/>
  <system-out/>
</testsuite> <!-- TestCases.Testng_Register -->
