<?xml version="1.0" encoding="UTF-8"?>
<!-- Generated by org.testng.reporters.JUnitReportReporter -->
<testsuite hostname="DESKTOP-MCNBSPV" failures="0" tests="1" name="TestCases.Testng_advancedSEarch" time="9.899" errors="0" timestamp="2022-11-16T17:45:32 IST" skipped="0">
  <testcase classname="TestCases.Testng_advancedSEarch" name="Advance" time="9.899"/>
  <system-out/>
</testsuite> <!-- TestCases.Testng_advancedSEarch -->
