<?xml version="1.0" encoding="UTF-8"?>
<!-- Generated by org.testng.reporters.JUnitReportReporter -->
<testsuite hostname="DESKTOP-MCNBSPV" failures="0" tests="1" name="Testng_basics.Working_withthe_Iteration" time="0.000" errors="0" timestamp="2022-11-11T17:52:14 IST" skipped="1">
  <testcase classname="Testng_basics.Working_withthe_Iteration" name="testdataRegister" time="0.000">
    <skipped/>
  </testcase> <!-- testdataRegister -->
  <system-out/>
</testsuite> <!-- Testng_basics.Working_withthe_Iteration -->
