<?xml version="1.0" encoding="UTF-8"?>
<!-- Generated by org.testng.reporters.JUnitReportReporter -->
<testsuite hostname="DESKTOP-MCNBSPV" failures="0" tests="1" name="Testng_basics.Working_withDataProvider" time="0.049" errors="0" timestamp="2022-11-11T15:35:01 IST" skipped="0">
  <testcase classname="Testng_basics.Working_withDataProvider" name="testmethod" time="0.049"/>
  <system-out/>
</testsuite> <!-- Testng_basics.Working_withDataProvider -->
