<?xml version="1.0" encoding="UTF-8"?>
<!-- Generated by org.testng.reporters.JUnitReportReporter -->
<testsuite hostname="DESKTOP-MCNBSPV" failures="0" tests="3" name="seleniumbasis.Working_login_page" time="68.782" errors="0" timestamp="2022-11-14T11:28:02 IST" skipped="0">
  <testcase classname="seleniumbasis.Working_login_page" name="testdatademo" time="27.074"/>
  <system-out/>
  <testcase classname="seleniumbasis.Working_login_page" name="testdatademo" time="19.516"/>
  <system-out/>
  <testcase classname="seleniumbasis.Working_login_page" name="testdatademo" time="22.192"/>
  <system-out/>
</testsuite> <!-- seleniumbasis.Working_login_page -->
