<?xml version="1.0" encoding="UTF-8"?>
<!-- Generated by org.testng.reporters.JUnitReportReporter -->
<testsuite hostname="DESKTOP-MCNBSPV" failures="0" tests="1" name="TestCases.Testng_search_dem" time="4.749" errors="0" timestamp="2022-11-16T17:37:51 IST" skipped="0">
  <testcase classname="TestCases.Testng_search_dem" name="search" time="4.749"/>
  <system-out/>
</testsuite> <!-- TestCases.Testng_search_dem -->
