<?xml version="1.0" encoding="UTF-8"?>
<!-- Generated by org.testng.reporters.JUnitReportReporter -->
<testsuite hostname="DESKTOP-MCNBSPV" failures="0" tests="2" name="Testng_basics.Working_with_smoking1" time="0.048" errors="0" timestamp="2022-11-10T16:29:23 IST" skipped="0">
  <testcase classname="Testng_basics.Working_with_smoking1" name="product2" time="0.007"/>
  <system-out/>
  <testcase classname="Testng_basics.Working_with_smoking1" name="clickok2" time="0.041"/>
  <system-out/>
</testsuite> <!-- Testng_basics.Working_with_smoking1 -->
