<?xml version="1.0" encoding="UTF-8"?>
<!-- Generated by org.testng.reporters.JUnitReportReporter -->
<testsuite hostname="DESKTOP-MCNBSPV" failures="0" tests="4" name="TestCases.Testng_Multiple" time="0.081" errors="0" timestamp="2022-11-09T12:29:18 IST" skipped="0">
  <testcase classname="TestCases.Testng_Multiple" name="Papper" time="0.020"/>
  <system-out/>
  <testcase classname="TestCases.Testng_Multiple" name="Multiple" time="0.018"/>
  <system-out/>
  <testcase classname="TestCases.Testng_Multiple" name="number1" time="0.007"/>
  <system-out/>
  <testcase classname="TestCases.Testng_Multiple" name="HelloWorld" time="0.036"/>
  <system-out/>
</testsuite> <!-- TestCases.Testng_Multiple -->
