<?xml version="1.0" encoding="UTF-8"?>
<!-- Generated by org.testng.reporters.JUnitReportReporter -->
<testsuite hostname="DESKTOP-MCNBSPV" failures="0" tests="1" name="Testng_basics.Working_with_excel_print" time="2.045" errors="0" timestamp="2022-11-16T12:57:51 IST" skipped="0">
  <testcase classname="Testng_basics.Working_with_excel_print" name="printing" time="2.045"/>
  <system-out/>
</testsuite> <!-- Testng_basics.Working_with_excel_print -->
