<?xml version="1.0" encoding="UTF-8"?>
<!-- Generated by org.testng.reporters.JUnitReportReporter -->
<testsuite hostname="DESKTOP-MCNBSPV" failures="0" tests="1" name="Update_TestCase.Advances_search_pom" time="4.351" errors="0" timestamp="2022-11-21T17:32:08 IST" skipped="0">
  <testcase classname="Update_TestCase.Advances_search_pom" name="Advance_Test" time="4.351"/>
  <system-out/>
</testsuite> <!-- Update_TestCase.Advances_search_pom -->
