<?xml version="1.0" encoding="UTF-8"?>
<!-- Generated by org.testng.reporters.JUnitReportReporter -->
<testsuite hostname="DESKTOP-MCNBSPV" failures="0" tests="2" name="TestCases.Testng_Multiple_using_chronologicalorderr" time="0.089" errors="0" timestamp="2022-11-09T13:20:42 IST" skipped="0">
  <testcase classname="TestCases.Testng_Multiple_using_chronologicalorderr" name="Shop" time="0.037"/>
  <system-out/>
  <testcase classname="TestCases.Testng_Multiple_using_chronologicalorderr" name="Man" time="0.052"/>
  <system-out/>
</testsuite> <!-- TestCases.Testng_Multiple_using_chronologicalorderr -->
