<?xml version="1.0" encoding="UTF-8"?>
<!-- Generated by org.testng.reporters.JUnitReportReporter -->
<testsuite hostname="DESKTOP-MCNBSPV" failures="0" tests="1" name="Testng_basics.Mulitple_Depends" time="0.048" errors="0" timestamp="2022-11-10T12:32:12 IST" skipped="0">
  <testcase classname="Testng_basics.Mulitple_Depends" name="Register" time="0.048"/>
  <system-out/>
</testsuite> <!-- Testng_basics.Mulitple_Depends -->
