<?xml version="1.0" encoding="UTF-8"?>
<!-- Generated by org.testng.reporters.JUnitReportReporter -->
<testsuite hostname="DESKTOP-MCNBSPV" failures="0" tests="1" name="Testng_basics.Working_with_testng_demowebshop" time="32.825" errors="0" timestamp="2022-11-08T13:08:33 IST" skipped="0">
  <testcase classname="Testng_basics.Working_with_testng_demowebshop" name="webshop" time="32.825"/>
  <system-out/>
</testsuite> <!-- Testng_basics.Working_with_testng_demowebshop -->
