<?xml version="1.0" encoding="UTF-8"?>
<!-- Generated by org.testng.reporters.JUnitReportReporter -->
<testsuite hostname="DESKTOP-MCNBSPV" failures="0" tests="1" name="Update_TestCase.Vote_pom" time="0.637" errors="0" timestamp="2022-11-21T17:32:08 IST" skipped="0">
  <testcase classname="Update_TestCase.Vote_pom" name="Test_case1" time="0.637"/>
  <system-out/>
</testsuite> <!-- Update_TestCase.Vote_pom -->
