<?xml version="1.0" encoding="UTF-8"?>
<!-- Generated by org.testng.reporters.JUnitReportReporter -->
<testsuite hostname="DESKTOP-MCNBSPV" failures="0" tests="1" name="Testng_basics.Working_with_basics" time="0.062" errors="0" timestamp="2022-11-08T12:46:28 IST" skipped="0">
  <testcase classname="Testng_basics.Working_with_basics" name="Demo" time="0.062"/>
  <system-out/>
</testsuite> <!-- Testng_basics.Working_with_basics -->
