<?xml version="1.0" encoding="UTF-8"?>
<!-- Generated by org.testng.reporters.JUnitReportReporter -->
<testsuite hostname="DESKTOP-MCNBSPV" failures="0" tests="1" name="Update_TestCase.Action_Class" time="2.373" errors="0" timestamp="2022-11-21T17:32:07 IST" skipped="0">
  <testcase classname="Update_TestCase.Action_Class" name="Computer" time="2.373"/>
  <system-out/>
</testsuite> <!-- Update_TestCase.Action_Class -->
