<?xml version="1.0" encoding="UTF-8"?>
<!-- Generated by org.testng.reporters.JUnitReportReporter -->
<testsuite hostname="DESKTOP-MCNBSPV" failures="0" tests="4" name="Testng_basics.Working_with_parralel_methods_classes" time="793.840" errors="0" timestamp="2022-11-11T12:35:33 IST" skipped="0">
  <testcase classname="Testng_basics.Working_with_parralel_methods_classes" name="Demoweb" time="198.728"/>
  <system-out/>
  <testcase classname="Testng_basics.Working_with_parralel_methods_classes" name="Demoweb" time="198.371"/>
  <system-out/>
  <testcase classname="Testng_basics.Working_with_parralel_methods_classes" name="Demoweb" time="198.371"/>
  <system-out/>
  <testcase classname="Testng_basics.Working_with_parralel_methods_classes" name="Demoweb" time="198.370"/>
  <system-out/>
</testsuite> <!-- Testng_basics.Working_with_parralel_methods_classes -->
