<?xml version="1.0" encoding="UTF-8"?>
<!-- Generated by org.testng.reporters.JUnitReportReporter -->
<testsuite hostname="DESKTOP-MCNBSPV" failures="0" tests="5" name="Testng_basics.Working_parameeter_Hardcode" time="0.081" errors="0" timestamp="2022-11-11T15:59:31 IST" skipped="0">
  <testcase classname="Testng_basics.Working_parameeter_Hardcode" name="testdatademo" time="0.042"/>
  <system-out/>
  <testcase classname="Testng_basics.Working_parameeter_Hardcode" name="testdatademo" time="0.011"/>
  <system-out/>
  <testcase classname="Testng_basics.Working_parameeter_Hardcode" name="testdatademo" time="0.012"/>
  <system-out/>
  <testcase classname="Testng_basics.Working_parameeter_Hardcode" name="testdatademo" time="0.007"/>
  <system-out/>
  <testcase classname="Testng_basics.Working_parameeter_Hardcode" name="testdatademo" time="0.009"/>
  <system-out/>
</testsuite> <!-- Testng_basics.Working_parameeter_Hardcode -->
