<?xml version="1.0" encoding="UTF-8"?>
<!-- Generated by org.testng.reporters.JUnitReportReporter -->
<testsuite hostname="DESKTOP-MCNBSPV" failures="0" tests="1" name="Update_TestCase.contact_DWS" time="3.023" errors="0" timestamp="2022-11-21T17:32:08 IST" skipped="0">
  <testcase classname="Update_TestCase.contact_DWS" name="contact" time="3.023"/>
  <system-out/>
</testsuite> <!-- Update_TestCase.contact_DWS -->
