<?xml version="1.0" encoding="UTF-8"?>
<!-- Generated by org.testng.reporters.JUnitReportReporter -->
<testsuite hostname="DESKTOP-MCNBSPV" failures="0" tests="1" name="Update_TestCase.Multiple_HAndles" time="0.459" errors="0" timestamp="2022-11-21T17:32:08 IST" skipped="0">
  <testcase classname="Update_TestCase.Multiple_HAndles" name="T3est_case" time="0.459"/>
  <system-out/>
</testsuite> <!-- Update_TestCase.Multiple_HAndles -->
