<?xml version="1.0" encoding="UTF-8"?>
<!-- Generated by org.testng.reporters.JUnitReportReporter -->
<testsuite hostname="DESKTOP-MCNBSPV" failures="0" tests="2" name="Testng_basics.Working_with_smoke" time="0.024" errors="0" timestamp="2022-11-10T16:29:23 IST" skipped="0">
  <testcase classname="Testng_basics.Working_with_smoke" name="advancesearch" time="0.004"/>
  <system-out/>
  <testcase classname="Testng_basics.Working_with_smoke" name="clickok" time="0.020"/>
  <system-out/>
</testsuite> <!-- Testng_basics.Working_with_smoke -->
