<?xml version="1.0" encoding="UTF-8"?>
<!-- Generated by org.testng.reporters.JUnitReportReporter -->
<testsuite hostname="DESKTOP-MCNBSPV" failures="0" tests="4" name="Testng_basics.Working_with_parallel" time="381.567" errors="0" timestamp="2022-11-11T11:58:35 IST" skipped="0">
  <testcase classname="Testng_basics.Working_with_parallel" name="paralleldemo" time="95.712"/>
  <system-out/>
  <testcase classname="Testng_basics.Working_with_parallel" name="paralleldemo" time="95.306"/>
  <system-out/>
  <testcase classname="Testng_basics.Working_with_parallel" name="paralleldemo" time="94.773"/>
  <system-out/>
  <testcase classname="Testng_basics.Working_with_parallel" name="paralleldemo" time="95.776"/>
  <system-out/>
</testsuite> <!-- Testng_basics.Working_with_parallel -->
