<?xml version="1.0" encoding="UTF-8"?>
<!-- Generated by org.testng.reporters.JUnitReportReporter -->
<testsuite hostname="DESKTOP-MCNBSPV" failures="0" tests="1" name="Testng_basics.Working_with_propertyfile" time="0.052" errors="0" timestamp="2022-11-15T17:45:31 IST" skipped="0">
  <testcase classname="Testng_basics.Working_with_propertyfile" name="propertydemo" time="0.052"/>
  <system-out/>
</testsuite> <!-- Testng_basics.Working_with_propertyfile -->
