<?xml version="1.0" encoding="UTF-8"?>
<!-- Generated by org.testng.reporters.JUnitReportReporter -->
<testsuite hostname="DESKTOP-MCNBSPV" failures="0" tests="1" name="Testng_basics.Working_with_values_automatically" time="2.286" errors="0" timestamp="2022-11-16T15:38:09 IST" skipped="0">
  <testcase classname="Testng_basics.Working_with_values_automatically" name="automaticall" time="2.286"/>
  <system-out/>
</testsuite> <!-- Testng_basics.Working_with_values_automatically -->
